[debug] [2020-04-21T04:14:26.007Z] ----------------------------------------------------------------------
[debug] [2020-04-21T04:14:26.012Z] Command:       /usr/local/bin/firebase /Users/Student_MA118/.cache/firebase/tools/lib/node_modules/firebase-tools/lib/bin/firebase serve
[debug] [2020-04-21T04:14:26.012Z] CLI Version:   8.1.1
[debug] [2020-04-21T04:14:26.012Z] Platform:      darwin
[debug] [2020-04-21T04:14:26.012Z] Node Version:  v12.16.1
[debug] [2020-04-21T04:14:26.023Z] Time:          Tue Apr 21 2020 00:14:26 GMT-0400 (Eastern Daylight Time)
[debug] [2020-04-21T04:14:26.023Z] ----------------------------------------------------------------------
[debug] [2020-04-21T04:14:26.023Z] 
[debug] [2020-04-21T04:14:26.050Z] > command requires scopes: ["email","openid","https://www.googleapis.com/auth/cloudplatformprojects.readonly","https://www.googleapis.com/auth/firebase","https://www.googleapis.com/auth/cloud-platform"]
[debug] [2020-04-21T04:14:26.050Z] > authorizing via signed-in user
[debug] [2020-04-21T04:14:26.051Z] [iam] checking project midmod2-84cfc for permissions ["firebase.projects.get"]
[debug] [2020-04-21T04:14:26.059Z] >>> HTTP REQUEST POST https://cloudresourcemanager.googleapis.com/v1/projects/midmod2-84cfc:testIamPermissions  
 {"permissions":["firebase.projects.get"]}
[debug] [2020-04-21T04:14:26.381Z] <<< HTTP RESPONSE 200 {"content-type":"application/json; charset=UTF-8","vary":"X-Origin, Referer, Origin,Accept-Encoding","date":"Tue, 21 Apr 2020 04:14:26 GMT","server":"ESF","cache-control":"private","x-xss-protection":"0","x-frame-options":"SAMEORIGIN","x-content-type-options":"nosniff","server-timing":"gfet4t7; dur=179","alt-svc":"quic=\":443\"; ma=2592000; v=\"46,43\",h3-Q050=\":443\"; ma=2592000,h3-Q049=\":443\"; ma=2592000,h3-Q048=\":443\"; ma=2592000,h3-Q046=\":443\"; ma=2592000,h3-Q043=\":443\"; ma=2592000,h3-T050=\":443\"; ma=2592000","accept-ranges":"none","transfer-encoding":"chunked"}
[debug] [2020-04-21T04:14:26.382Z] >>> HTTP REQUEST GET https://firebase.googleapis.com/v1beta1/projects/midmod2-84cfc  
 
[debug] [2020-04-21T04:14:26.568Z] <<< HTTP RESPONSE 200 {"content-type":"application/json; charset=UTF-8","vary":"X-Origin, Referer, Origin,Accept-Encoding","date":"Tue, 21 Apr 2020 04:14:26 GMT","server":"ESF","cache-control":"private","x-xss-protection":"0","x-frame-options":"SAMEORIGIN","x-content-type-options":"nosniff","alt-svc":"quic=\":443\"; ma=2592000; v=\"46,43\",h3-Q050=\":443\"; ma=2592000,h3-Q049=\":443\"; ma=2592000,h3-Q048=\":443\"; ma=2592000,h3-Q046=\":443\"; ma=2592000,h3-Q043=\":443\"; ma=2592000,h3-T050=\":443\"; ma=2592000","accept-ranges":"none","transfer-encoding":"chunked"}
[info] 
[info] === Serving from '/Users/Student_MA118/Desktop/Perscholas/model2/mid-mod/galeria'...
[info] 
[warn] ⚠  Your requested "node" version "8" doesn't match your global version "12"
[info] ✔  functions: functions emulator started at http://localhost:5000
[info] i  functions: Watching "/Users/Student_MA118/Desktop/Perscholas/model2/mid-mod/galeria/functions" for Cloud Functions...
[debug] [2020-04-21T04:14:26.640Z] [worker-pool] addWorker(~diagnostic~) 
[debug] [2020-04-21T04:14:26.640Z] [worker-pool] Adding worker with key ~diagnostic~, total=1 
[debug] [2020-04-21T04:14:26.640Z] [worker-pool] submitWork(triggerId=) 
[debug] [2020-04-21T04:14:26.641Z] [worker-~diagnostic~-46fde167-6caa-4990-911f-ce33f9a1be64]: Assigning socketPath: /var/folders/7q/62555f553pj0z7680w50w6p40000gp/T/fire_emu_30488.sock 
[debug] [2020-04-21T04:14:26.646Z] [worker-~diagnostic~-46fde167-6caa-4990-911f-ce33f9a1be64]: BUSY 
[debug] [2020-04-21T04:14:27.181Z] [runtime-status] [30488] Functions runtime initialized. {"cwd":"/Users/Student_MA118/Desktop/Perscholas/model2/mid-mod/galeria/functions","node_version":"12.16.1"} 
[debug] [2020-04-21T04:14:27.183Z] [runtime-status] [30488] Disabled runtime features: undefined 
[debug] [2020-04-21T04:14:27.191Z] [runtime-status] [30488] Resolved module firebase-admin {"declared":true,"installed":true,"version":"8.10.0","resolution":"/Users/Student_MA118/Desktop/Perscholas/model2/mid-mod/galeria/functions/node_modules/firebase-admin/lib/index.js"} 
[debug] [2020-04-21T04:14:27.195Z] [runtime-status] [30488] Resolved module firebase-functions {"declared":true,"installed":true,"version":"3.6.0","resolution":"/Users/Student_MA118/Desktop/Perscholas/model2/mid-mod/galeria/functions/node_modules/firebase-functions/lib/index.js"} 
[debug] [2020-04-21T04:14:27.198Z] [runtime-status] [30488] Outgoing network have been stubbed. [{"name":"http","status":"mocked"},{"name":"http","status":"mocked"},{"name":"https","status":"mocked"},{"name":"https","status":"mocked"},{"name":"net","status":"mocked"}] 
[debug] [2020-04-21T04:14:27.353Z] [runtime-status] [30488] Checked functions.config() {"config":{}} 
[debug] [2020-04-21T04:14:27.354Z] [runtime-status] [30488] Resolved module firebase-functions {"declared":true,"installed":true,"version":"3.6.0","resolution":"/Users/Student_MA118/Desktop/Perscholas/model2/mid-mod/galeria/functions/node_modules/firebase-functions/lib/index.js"} 
[debug] [2020-04-21T04:14:27.355Z] [runtime-status] [30488] Resolved module firebase-admin {"declared":true,"installed":true,"version":"8.10.0","resolution":"/Users/Student_MA118/Desktop/Perscholas/model2/mid-mod/galeria/functions/node_modules/firebase-admin/lib/index.js"} 
[debug] [2020-04-21T04:14:27.355Z] [runtime-status] [30488] Resolved module firebase-functions {"declared":true,"installed":true,"version":"3.6.0","resolution":"/Users/Student_MA118/Desktop/Perscholas/model2/mid-mod/galeria/functions/node_modules/firebase-functions/lib/index.js"} 
[debug] [2020-04-21T04:14:27.356Z] [runtime-status] [30488] firebase-admin has been stubbed. {"adminResolution":{"declared":true,"installed":true,"version":"8.10.0","resolution":"/Users/Student_MA118/Desktop/Perscholas/model2/mid-mod/galeria/functions/node_modules/firebase-admin/lib/index.js"}} 
[debug] [2020-04-21T04:14:27.892Z] [runtime-status] [30488] initializeApp(DEFAULT) {"databaseURL":"https://midmod2-84cfc.firebaseio.com","storageBucket":"midmod2-84cfc.appspot.com","projectId":"midmod2-84cfc"} 
[info] ✔  functions[api]: http function initialized (http://localhost:5000/midmod2-84cfc/us-central1/api).
[debug] [2020-04-21T04:14:28.744Z] [worker-~diagnostic~-46fde167-6caa-4990-911f-ce33f9a1be64]: IDLE 
[debug] [2020-04-21T04:17:39.575Z] [work-queue] {"queueLength":1,"workRunningCount":0}
[debug] [2020-04-21T04:17:39.575Z] [work-queue] {"queueLength":0,"workRunningCount":1}
[debug] [2020-04-21T04:17:39.576Z] Accepted request POST /midmod2-84cfc/us-central1/api/signup --> api
[debug] [2020-04-21T04:17:39.583Z] [worker-pool] addWorker(api) 
[debug] [2020-04-21T04:17:39.584Z] [worker-pool] Adding worker with key api, total=1 
[debug] [2020-04-21T04:17:39.584Z] [worker-pool] submitWork(triggerId=api) 
[debug] [2020-04-21T04:17:39.584Z] [worker-api-9b2bc37a-cf43-4c24-a747-c80683fa7482]: Assigning socketPath: /var/folders/7q/62555f553pj0z7680w50w6p40000gp/T/fire_emu_30722.sock 
[debug] [2020-04-21T04:17:39.585Z] [worker-api-9b2bc37a-cf43-4c24-a747-c80683fa7482]: BUSY 
[debug] [2020-04-21T04:17:40.022Z] [runtime-status] [30722] Functions runtime initialized. {"cwd":"/Users/Student_MA118/Desktop/Perscholas/model2/mid-mod/galeria/functions","node_version":"12.16.1"} 
[debug] [2020-04-21T04:17:40.023Z] [runtime-status] [30722] Disabled runtime features: undefined 
[debug] [2020-04-21T04:17:40.029Z] [runtime-status] [30722] Resolved module firebase-admin {"declared":true,"installed":true,"version":"8.10.0","resolution":"/Users/Student_MA118/Desktop/Perscholas/model2/mid-mod/galeria/functions/node_modules/firebase-admin/lib/index.js"} 
[debug] [2020-04-21T04:17:40.031Z] [runtime-status] [30722] Resolved module firebase-functions {"declared":true,"installed":true,"version":"3.6.0","resolution":"/Users/Student_MA118/Desktop/Perscholas/model2/mid-mod/galeria/functions/node_modules/firebase-functions/lib/index.js"} 
[debug] [2020-04-21T04:17:40.033Z] [runtime-status] [30722] Outgoing network have been stubbed. [{"name":"http","status":"mocked"},{"name":"http","status":"mocked"},{"name":"https","status":"mocked"},{"name":"https","status":"mocked"},{"name":"net","status":"mocked"}] 
[debug] [2020-04-21T04:17:40.196Z] [runtime-status] [30722] Checked functions.config() {"config":{}} 
[debug] [2020-04-21T04:17:40.198Z] [runtime-status] [30722] Resolved module firebase-functions {"declared":true,"installed":true,"version":"3.6.0","resolution":"/Users/Student_MA118/Desktop/Perscholas/model2/mid-mod/galeria/functions/node_modules/firebase-functions/lib/index.js"} 
[debug] [2020-04-21T04:17:40.200Z] [runtime-status] [30722] Resolved module firebase-admin {"declared":true,"installed":true,"version":"8.10.0","resolution":"/Users/Student_MA118/Desktop/Perscholas/model2/mid-mod/galeria/functions/node_modules/firebase-admin/lib/index.js"} 
[debug] [2020-04-21T04:17:40.202Z] [runtime-status] [30722] Resolved module firebase-functions {"declared":true,"installed":true,"version":"3.6.0","resolution":"/Users/Student_MA118/Desktop/Perscholas/model2/mid-mod/galeria/functions/node_modules/firebase-functions/lib/index.js"} 
[debug] [2020-04-21T04:17:40.203Z] [runtime-status] [30722] firebase-admin has been stubbed. {"adminResolution":{"declared":true,"installed":true,"version":"8.10.0","resolution":"/Users/Student_MA118/Desktop/Perscholas/model2/mid-mod/galeria/functions/node_modules/firebase-admin/lib/index.js"}} 
[debug] [2020-04-21T04:17:40.785Z] [runtime-status] [30722] initializeApp(DEFAULT) {"databaseURL":"https://midmod2-84cfc.firebaseio.com","storageBucket":"midmod2-84cfc.appspot.com","projectId":"midmod2-84cfc"} 
[debug] [2020-04-21T04:17:41.657Z] [runtime-status] [30722] Trigger "api" has been found, beginning invocation! 
[info] i  functions: Beginning execution of "api"
[debug] [2020-04-21T04:17:41.658Z] [runtime-status] [30722] triggerDefinition {"httpsTrigger":{},"name":"api","entryPoint":"api"} 
[debug] [2020-04-21T04:17:41.658Z] [runtime-status] [30722] Running api in mode HTTPS 
[debug] [2020-04-21T04:17:41.668Z] [runtime-status] [30722] Attempting to listen to socketPath: /var/folders/7q/62555f553pj0z7680w50w6p40000gp/T/fire_emu_30722.sock 
[debug] [2020-04-21T04:17:41.679Z] [functions] Runtime ready! Sending request! 
[debug] [2020-04-21T04:17:41.744Z] [runtime-status] [30722] Ephemeral server handling POST request 
[debug] [2020-04-21T04:17:41.746Z] [runtime-status] [30722] Ephemeral server survived. 
[info] i  functions: Finished "api" in ~1s
[debug] [2020-04-21T04:17:41.752Z] [worker-api-9b2bc37a-cf43-4c24-a747-c80683fa7482]: IDLE 
[debug] [2020-04-21T04:17:41.752Z] [work-queue] {"queueLength":0,"workRunningCount":0}
[info] >  TypeError: Cannot convert undefined or null to object {"user":"TypeError: Cannot convert undefined or null to object"}
[info] >      at Function.keys (<anonymous>) {"user":"    at Function.keys (<anonymous>)"}
[info] >      at /Users/Student_MA118/Desktop/Perscholas/model2/mid-mod/galeria/functions/index.js:104:15 {"user":"    at /Users/Student_MA118/Desktop/Perscholas/model2/mid-mod/galeria/functions/index.js:104:15"}
[info] >      at Layer.handle [as handle_request] (/Users/Student_MA118/Desktop/Perscholas/model2/mid-mod/galeria/functions/node_modules/express/lib/router/layer.js:95:5) {"user":"    at Layer.handle [as handle_request] (/Users/Student_MA118/Desktop/Perscholas/model2/mid-mod/galeria/functions/node_modules/express/lib/router/layer.js:95:5)"}
[info] >      at next (/Users/Student_MA118/Desktop/Perscholas/model2/mid-mod/galeria/functions/node_modules/express/lib/router/route.js:137:13) {"user":"    at next (/Users/Student_MA118/Desktop/Perscholas/model2/mid-mod/galeria/functions/node_modules/express/lib/router/route.js:137:13)"}
[info] >      at Route.dispatch (/Users/Student_MA118/Desktop/Perscholas/model2/mid-mod/galeria/functions/node_modules/express/lib/router/route.js:112:3) {"user":"    at Route.dispatch (/Users/Student_MA118/Desktop/Perscholas/model2/mid-mod/galeria/functions/node_modules/express/lib/router/route.js:112:3)"}
[info] >      at Layer.handle [as handle_request] (/Users/Student_MA118/Desktop/Perscholas/model2/mid-mod/galeria/functions/node_modules/express/lib/router/layer.js:95:5) {"user":"    at Layer.handle [as handle_request] (/Users/Student_MA118/Desktop/Perscholas/model2/mid-mod/galeria/functions/node_modules/express/lib/router/layer.js:95:5)"}
[info] >      at /Users/Student_MA118/Desktop/Perscholas/model2/mid-mod/galeria/functions/node_modules/express/lib/router/index.js:281:22 {"user":"    at /Users/Student_MA118/Desktop/Perscholas/model2/mid-mod/galeria/functions/node_modules/express/lib/router/index.js:281:22"}
[info] >      at Function.process_params (/Users/Student_MA118/Desktop/Perscholas/model2/mid-mod/galeria/functions/node_modules/express/lib/router/index.js:335:12) {"user":"    at Function.process_params (/Users/Student_MA118/Desktop/Perscholas/model2/mid-mod/galeria/functions/node_modules/express/lib/router/index.js:335:12)"}
[info] >      at next (/Users/Student_MA118/Desktop/Perscholas/model2/mid-mod/galeria/functions/node_modules/express/lib/router/index.js:275:10) {"user":"    at next (/Users/Student_MA118/Desktop/Perscholas/model2/mid-mod/galeria/functions/node_modules/express/lib/router/index.js:275:10)"}
[info] >      at expressInit (/Users/Student_MA118/Desktop/Perscholas/model2/mid-mod/galeria/functions/node_modules/express/lib/middleware/init.js:40:5) {"user":"    at expressInit (/Users/Student_MA118/Desktop/Perscholas/model2/mid-mod/galeria/functions/node_modules/express/lib/middleware/init.js:40:5)"}
[debug] [2020-04-21T04:17:59.932Z] File /Users/Student_MA118/Desktop/Perscholas/model2/mid-mod/galeria/functions/index.js changed, reloading triggers 
[debug] [2020-04-21T04:18:00.935Z] [worker-pool] Shutting down IDLE worker (~diagnostic~) 
[debug] [2020-04-21T04:18:00.935Z] [worker-~diagnostic~-46fde167-6caa-4990-911f-ce33f9a1be64]: FINISHING 
[debug] [2020-04-21T04:18:00.936Z] [worker-pool] Shutting down IDLE worker (api) 
[debug] [2020-04-21T04:18:00.936Z] [worker-api-9b2bc37a-cf43-4c24-a747-c80683fa7482]: FINISHING 
[debug] [2020-04-21T04:18:00.954Z] [worker-pool] addWorker(~diagnostic~) 
[debug] [2020-04-21T04:18:00.955Z] [worker-pool] Adding worker with key ~diagnostic~, total=2 
[debug] [2020-04-21T04:18:00.955Z] [worker-pool] submitWork(triggerId=) 
[debug] [2020-04-21T04:18:00.955Z] [worker-~diagnostic~-c4129699-2b56-4b87-9b54-0f74ed2830c8]: Assigning socketPath: /var/folders/7q/62555f553pj0z7680w50w6p40000gp/T/fire_emu_30772.sock 
[debug] [2020-04-21T04:18:00.955Z] [worker-~diagnostic~-c4129699-2b56-4b87-9b54-0f74ed2830c8]: BUSY 
[debug] [2020-04-21T04:18:00.957Z] [worker-~diagnostic~-46fde167-6caa-4990-911f-ce33f9a1be64]: exited 
[debug] [2020-04-21T04:18:00.958Z] [worker-~diagnostic~-46fde167-6caa-4990-911f-ce33f9a1be64]: FINISHED 
[debug] [2020-04-21T04:18:00.958Z] [worker-api-9b2bc37a-cf43-4c24-a747-c80683fa7482]: exited 
[debug] [2020-04-21T04:18:00.958Z] [worker-api-9b2bc37a-cf43-4c24-a747-c80683fa7482]: FINISHED 
[debug] [2020-04-21T04:18:01.435Z] [runtime-status] [30772] Functions runtime initialized. {"cwd":"/Users/Student_MA118/Desktop/Perscholas/model2/mid-mod/galeria/functions","node_version":"12.16.1"} 
[debug] [2020-04-21T04:18:01.437Z] [runtime-status] [30772] Disabled runtime features: undefined 
[debug] [2020-04-21T04:18:01.443Z] [runtime-status] [30772] Resolved module firebase-admin {"declared":true,"installed":true,"version":"8.10.0","resolution":"/Users/Student_MA118/Desktop/Perscholas/model2/mid-mod/galeria/functions/node_modules/firebase-admin/lib/index.js"} 
[debug] [2020-04-21T04:18:01.444Z] [runtime-status] [30772] Resolved module firebase-functions {"declared":true,"installed":true,"version":"3.6.0","resolution":"/Users/Student_MA118/Desktop/Perscholas/model2/mid-mod/galeria/functions/node_modules/firebase-functions/lib/index.js"} 
[debug] [2020-04-21T04:18:01.447Z] [runtime-status] [30772] Outgoing network have been stubbed. [{"name":"http","status":"mocked"},{"name":"http","status":"mocked"},{"name":"https","status":"mocked"},{"name":"https","status":"mocked"},{"name":"net","status":"mocked"}] 
[debug] [2020-04-21T04:18:01.612Z] [runtime-status] [30772] Checked functions.config() {"config":{}} 
[debug] [2020-04-21T04:18:01.614Z] [runtime-status] [30772] Resolved module firebase-functions {"declared":true,"installed":true,"version":"3.6.0","resolution":"/Users/Student_MA118/Desktop/Perscholas/model2/mid-mod/galeria/functions/node_modules/firebase-functions/lib/index.js"} 
[debug] [2020-04-21T04:18:01.616Z] [runtime-status] [30772] Resolved module firebase-admin {"declared":true,"installed":true,"version":"8.10.0","resolution":"/Users/Student_MA118/Desktop/Perscholas/model2/mid-mod/galeria/functions/node_modules/firebase-admin/lib/index.js"} 
[debug] [2020-04-21T04:18:01.617Z] [runtime-status] [30772] Resolved module firebase-functions {"declared":true,"installed":true,"version":"3.6.0","resolution":"/Users/Student_MA118/Desktop/Perscholas/model2/mid-mod/galeria/functions/node_modules/firebase-functions/lib/index.js"} 
[debug] [2020-04-21T04:18:01.618Z] [runtime-status] [30772] firebase-admin has been stubbed. {"adminResolution":{"declared":true,"installed":true,"version":"8.10.0","resolution":"/Users/Student_MA118/Desktop/Perscholas/model2/mid-mod/galeria/functions/node_modules/firebase-admin/lib/index.js"}} 
[debug] [2020-04-21T04:18:02.210Z] [runtime-status] [30772] initializeApp(DEFAULT) {"databaseURL":"https://midmod2-84cfc.firebaseio.com","storageBucket":"midmod2-84cfc.appspot.com","projectId":"midmod2-84cfc"} 
[debug] [2020-04-21T04:18:03.115Z] [worker-~diagnostic~-c4129699-2b56-4b87-9b54-0f74ed2830c8]: IDLE 
[debug] [2020-04-21T04:18:04.862Z] File /Users/Student_MA118/Desktop/Perscholas/model2/mid-mod/galeria/functions/index.js changed, reloading triggers 
[debug] [2020-04-21T04:18:05.871Z] [worker-pool] Shutting down IDLE worker (~diagnostic~) 
[debug] [2020-04-21T04:18:05.871Z] [worker-~diagnostic~-c4129699-2b56-4b87-9b54-0f74ed2830c8]: FINISHING 
[debug] [2020-04-21T04:18:05.872Z] [worker-pool] Cleaned up workers for ~diagnostic~: 2 --> 1 
[debug] [2020-04-21T04:18:05.872Z] [worker-pool] Cleaned up workers for api: 1 --> 0 
[debug] [2020-04-21T04:18:05.879Z] [worker-pool] addWorker(~diagnostic~) 
[debug] [2020-04-21T04:18:05.880Z] [worker-pool] Adding worker with key ~diagnostic~, total=2 
[debug] [2020-04-21T04:18:05.880Z] [worker-pool] submitWork(triggerId=) 
[debug] [2020-04-21T04:18:05.880Z] [worker-~diagnostic~-f661d93a-d65b-49bd-8a6e-a0185174771b]: Assigning socketPath: /var/folders/7q/62555f553pj0z7680w50w6p40000gp/T/fire_emu_30781.sock 
[debug] [2020-04-21T04:18:05.881Z] [worker-~diagnostic~-f661d93a-d65b-49bd-8a6e-a0185174771b]: BUSY 
[debug] [2020-04-21T04:18:05.884Z] [worker-~diagnostic~-c4129699-2b56-4b87-9b54-0f74ed2830c8]: exited 
[debug] [2020-04-21T04:18:05.884Z] [worker-~diagnostic~-c4129699-2b56-4b87-9b54-0f74ed2830c8]: FINISHED 
[debug] [2020-04-21T04:18:06.306Z] [runtime-status] [30781] Functions runtime initialized. {"cwd":"/Users/Student_MA118/Desktop/Perscholas/model2/mid-mod/galeria/functions","node_version":"12.16.1"} 
[debug] [2020-04-21T04:18:06.308Z] [runtime-status] [30781] Disabled runtime features: undefined 
[debug] [2020-04-21T04:18:06.317Z] [runtime-status] [30781] Resolved module firebase-admin {"declared":true,"installed":true,"version":"8.10.0","resolution":"/Users/Student_MA118/Desktop/Perscholas/model2/mid-mod/galeria/functions/node_modules/firebase-admin/lib/index.js"} 
[debug] [2020-04-21T04:18:06.318Z] [runtime-status] [30781] Resolved module firebase-functions {"declared":true,"installed":true,"version":"3.6.0","resolution":"/Users/Student_MA118/Desktop/Perscholas/model2/mid-mod/galeria/functions/node_modules/firebase-functions/lib/index.js"} 
[debug] [2020-04-21T04:18:06.321Z] [runtime-status] [30781] Outgoing network have been stubbed. [{"name":"http","status":"mocked"},{"name":"http","status":"mocked"},{"name":"https","status":"mocked"},{"name":"https","status":"mocked"},{"name":"net","status":"mocked"}] 
[debug] [2020-04-21T04:18:06.367Z] [runtime-status] [30781] Checked functions.config() {"config":{}} 
[debug] [2020-04-21T04:18:06.370Z] [runtime-status] [30781] Resolved module firebase-functions {"declared":true,"installed":true,"version":"3.6.0","resolution":"/Users/Student_MA118/Desktop/Perscholas/model2/mid-mod/galeria/functions/node_modules/firebase-functions/lib/index.js"} 
[debug] [2020-04-21T04:18:06.372Z] [runtime-status] [30781] Resolved module firebase-admin {"declared":true,"installed":true,"version":"8.10.0","resolution":"/Users/Student_MA118/Desktop/Perscholas/model2/mid-mod/galeria/functions/node_modules/firebase-admin/lib/index.js"} 
[debug] [2020-04-21T04:18:06.376Z] [runtime-status] [30781] Resolved module firebase-functions {"declared":true,"installed":true,"version":"3.6.0","resolution":"/Users/Student_MA118/Desktop/Perscholas/model2/mid-mod/galeria/functions/node_modules/firebase-functions/lib/index.js"} 
[debug] [2020-04-21T04:18:06.377Z] [runtime-status] [30781] firebase-admin has been stubbed. {"adminResolution":{"declared":true,"installed":true,"version":"8.10.0","resolution":"/Users/Student_MA118/Desktop/Perscholas/model2/mid-mod/galeria/functions/node_modules/firebase-admin/lib/index.js"}} 
[debug] [2020-04-21T04:18:06.469Z] [runtime-status] [30781] initializeApp(DEFAULT) {"databaseURL":"https://midmod2-84cfc.firebaseio.com","storageBucket":"midmod2-84cfc.appspot.com","projectId":"midmod2-84cfc"} 
[debug] [2020-04-21T04:18:06.684Z] [worker-~diagnostic~-f661d93a-d65b-49bd-8a6e-a0185174771b]: IDLE 
[debug] [2020-04-21T04:18:09.063Z] File /Users/Student_MA118/Desktop/Perscholas/model2/mid-mod/galeria/functions/index.js changed, reloading triggers 
[debug] [2020-04-21T04:18:10.064Z] [worker-pool] Shutting down IDLE worker (~diagnostic~) 
[debug] [2020-04-21T04:18:10.065Z] [worker-~diagnostic~-f661d93a-d65b-49bd-8a6e-a0185174771b]: FINISHING 
[debug] [2020-04-21T04:18:10.065Z] [worker-pool] Cleaned up workers for ~diagnostic~: 2 --> 1 
[debug] [2020-04-21T04:18:10.076Z] [worker-pool] addWorker(~diagnostic~) 
[debug] [2020-04-21T04:18:10.077Z] [worker-pool] Adding worker with key ~diagnostic~, total=2 
[debug] [2020-04-21T04:18:10.077Z] [worker-pool] submitWork(triggerId=) 
[debug] [2020-04-21T04:18:10.077Z] [worker-~diagnostic~-2e28d022-e613-4adf-ba55-abab78a5ea32]: Assigning socketPath: /var/folders/7q/62555f553pj0z7680w50w6p40000gp/T/fire_emu_30790.sock 
[debug] [2020-04-21T04:18:10.077Z] [worker-~diagnostic~-2e28d022-e613-4adf-ba55-abab78a5ea32]: BUSY 
[debug] [2020-04-21T04:18:10.082Z] [worker-~diagnostic~-f661d93a-d65b-49bd-8a6e-a0185174771b]: exited 
[debug] [2020-04-21T04:18:10.082Z] [worker-~diagnostic~-f661d93a-d65b-49bd-8a6e-a0185174771b]: FINISHED 
[debug] [2020-04-21T04:18:10.584Z] [runtime-status] [30790] Functions runtime initialized. {"cwd":"/Users/Student_MA118/Desktop/Perscholas/model2/mid-mod/galeria/functions","node_version":"12.16.1"} 
[debug] [2020-04-21T04:18:10.588Z] [runtime-status] [30790] Disabled runtime features: undefined 
[debug] [2020-04-21T04:18:10.595Z] [runtime-status] [30790] Resolved module firebase-admin {"declared":true,"installed":true,"version":"8.10.0","resolution":"/Users/Student_MA118/Desktop/Perscholas/model2/mid-mod/galeria/functions/node_modules/firebase-admin/lib/index.js"} 
[debug] [2020-04-21T04:18:10.596Z] [runtime-status] [30790] Resolved module firebase-functions {"declared":true,"installed":true,"version":"3.6.0","resolution":"/Users/Student_MA118/Desktop/Perscholas/model2/mid-mod/galeria/functions/node_modules/firebase-functions/lib/index.js"} 
[debug] [2020-04-21T04:18:10.599Z] [runtime-status] [30790] Outgoing network have been stubbed. [{"name":"http","status":"mocked"},{"name":"http","status":"mocked"},{"name":"https","status":"mocked"},{"name":"https","status":"mocked"},{"name":"net","status":"mocked"}] 
[debug] [2020-04-21T04:18:10.640Z] [runtime-status] [30790] Checked functions.config() {"config":{}} 
[debug] [2020-04-21T04:18:10.641Z] [runtime-status] [30790] Resolved module firebase-functions {"declared":true,"installed":true,"version":"3.6.0","resolution":"/Users/Student_MA118/Desktop/Perscholas/model2/mid-mod/galeria/functions/node_modules/firebase-functions/lib/index.js"} 
[debug] [2020-04-21T04:18:10.643Z] [runtime-status] [30790] Resolved module firebase-admin {"declared":true,"installed":true,"version":"8.10.0","resolution":"/Users/Student_MA118/Desktop/Perscholas/model2/mid-mod/galeria/functions/node_modules/firebase-admin/lib/index.js"} 
[debug] [2020-04-21T04:18:10.644Z] [runtime-status] [30790] Resolved module firebase-functions {"declared":true,"installed":true,"version":"3.6.0","resolution":"/Users/Student_MA118/Desktop/Perscholas/model2/mid-mod/galeria/functions/node_modules/firebase-functions/lib/index.js"} 
[debug] [2020-04-21T04:18:10.644Z] [runtime-status] [30790] firebase-admin has been stubbed. {"adminResolution":{"declared":true,"installed":true,"version":"8.10.0","resolution":"/Users/Student_MA118/Desktop/Perscholas/model2/mid-mod/galeria/functions/node_modules/firebase-admin/lib/index.js"}} 
[debug] [2020-04-21T04:18:10.744Z] [runtime-status] [30790] initializeApp(DEFAULT) {"databaseURL":"https://midmod2-84cfc.firebaseio.com","storageBucket":"midmod2-84cfc.appspot.com","projectId":"midmod2-84cfc"} 
[debug] [2020-04-21T04:18:10.949Z] [worker-~diagnostic~-2e28d022-e613-4adf-ba55-abab78a5ea32]: IDLE 
[debug] [2020-04-21T04:18:12.104Z] [work-queue] {"queueLength":1,"workRunningCount":0}
[debug] [2020-04-21T04:18:12.104Z] [work-queue] {"queueLength":0,"workRunningCount":1}
[debug] [2020-04-21T04:18:12.104Z] Accepted request POST /midmod2-84cfc/us-central1/api/signup --> api
[debug] [2020-04-21T04:18:12.104Z] [worker-pool] Cleaned up workers for ~diagnostic~: 2 --> 1 
[debug] [2020-04-21T04:18:12.110Z] [worker-pool] addWorker(api) 
[debug] [2020-04-21T04:18:12.110Z] [worker-pool] Adding worker with key api, total=1 
[debug] [2020-04-21T04:18:12.110Z] [worker-pool] submitWork(triggerId=api) 
[debug] [2020-04-21T04:18:12.111Z] [worker-api-18079c74-265f-4d5f-b879-d8f5020f1506]: Assigning socketPath: /var/folders/7q/62555f553pj0z7680w50w6p40000gp/T/fire_emu_30791.sock 
[debug] [2020-04-21T04:18:12.111Z] [worker-api-18079c74-265f-4d5f-b879-d8f5020f1506]: BUSY 
[debug] [2020-04-21T04:18:12.538Z] [runtime-status] [30791] Functions runtime initialized. {"cwd":"/Users/Student_MA118/Desktop/Perscholas/model2/mid-mod/galeria/functions","node_version":"12.16.1"} 
[debug] [2020-04-21T04:18:12.541Z] [runtime-status] [30791] Disabled runtime features: undefined 
[debug] [2020-04-21T04:18:12.547Z] [runtime-status] [30791] Resolved module firebase-admin {"declared":true,"installed":true,"version":"8.10.0","resolution":"/Users/Student_MA118/Desktop/Perscholas/model2/mid-mod/galeria/functions/node_modules/firebase-admin/lib/index.js"} 
[debug] [2020-04-21T04:18:12.548Z] [runtime-status] [30791] Resolved module firebase-functions {"declared":true,"installed":true,"version":"3.6.0","resolution":"/Users/Student_MA118/Desktop/Perscholas/model2/mid-mod/galeria/functions/node_modules/firebase-functions/lib/index.js"} 
[debug] [2020-04-21T04:18:12.550Z] [runtime-status] [30791] Outgoing network have been stubbed. [{"name":"http","status":"mocked"},{"name":"http","status":"mocked"},{"name":"https","status":"mocked"},{"name":"https","status":"mocked"},{"name":"net","status":"mocked"}] 
[debug] [2020-04-21T04:18:12.586Z] [runtime-status] [30791] Checked functions.config() {"config":{}} 
[debug] [2020-04-21T04:18:12.587Z] [runtime-status] [30791] Resolved module firebase-functions {"declared":true,"installed":true,"version":"3.6.0","resolution":"/Users/Student_MA118/Desktop/Perscholas/model2/mid-mod/galeria/functions/node_modules/firebase-functions/lib/index.js"} 
[debug] [2020-04-21T04:18:12.588Z] [runtime-status] [30791] Resolved module firebase-admin {"declared":true,"installed":true,"version":"8.10.0","resolution":"/Users/Student_MA118/Desktop/Perscholas/model2/mid-mod/galeria/functions/node_modules/firebase-admin/lib/index.js"} 
[debug] [2020-04-21T04:18:12.590Z] [runtime-status] [30791] Resolved module firebase-functions {"declared":true,"installed":true,"version":"3.6.0","resolution":"/Users/Student_MA118/Desktop/Perscholas/model2/mid-mod/galeria/functions/node_modules/firebase-functions/lib/index.js"} 
[debug] [2020-04-21T04:18:12.590Z] [runtime-status] [30791] firebase-admin has been stubbed. {"adminResolution":{"declared":true,"installed":true,"version":"8.10.0","resolution":"/Users/Student_MA118/Desktop/Perscholas/model2/mid-mod/galeria/functions/node_modules/firebase-admin/lib/index.js"}} 
[debug] [2020-04-21T04:18:12.676Z] [runtime-status] [30791] initializeApp(DEFAULT) {"databaseURL":"https://midmod2-84cfc.firebaseio.com","storageBucket":"midmod2-84cfc.appspot.com","projectId":"midmod2-84cfc"} 
[debug] [2020-04-21T04:18:12.931Z] [runtime-status] [30791] Trigger "api" has been found, beginning invocation! 
[info] i  functions: Beginning execution of "api"
[debug] [2020-04-21T04:18:12.932Z] [runtime-status] [30791] triggerDefinition {"httpsTrigger":{},"name":"api","entryPoint":"api"} 
[debug] [2020-04-21T04:18:12.932Z] [runtime-status] [30791] Running api in mode HTTPS 
[debug] [2020-04-21T04:18:12.937Z] [runtime-status] [30791] Attempting to listen to socketPath: /var/folders/7q/62555f553pj0z7680w50w6p40000gp/T/fire_emu_30791.sock 
[debug] [2020-04-21T04:18:12.943Z] [functions] Runtime ready! Sending request! 
[debug] [2020-04-21T04:18:13.013Z] [runtime-status] [30791] Ephemeral server handling POST request 
[warn] ⚠  functions: The Cloud Firestore emulator is not running, so calls to Firestore will affect production.
[debug] [2020-04-21T04:18:14.864Z] [runtime-status] [30791] Ephemeral server survived. 
[warn] ⚠  External network resource requested!
   - URL: "http://169.254.169.254/computeMetadata/v1/instance"
 - Be careful, this may be a production service.
[warn] ⚠  External network resource requested!
   - URL: "http://metadata.google.internal./computeMetadata/v1/instance"
 - Be careful, this may be a production service.
[info] >  Error: Unexpected error determining execution environment: Invalid response from metadata service: incorrect Metadata-Flavor header. {"user":"Error: Unexpected error determining execution environment: Invalid response from metadata service: incorrect Metadata-Flavor header."}
[info] >      at metadataAccessor (/Users/Student_MA118/Desktop/Perscholas/model2/mid-mod/galeria/functions/node_modules/gcp-metadata/build/src/index.js:60:19) {"user":"    at metadataAccessor (/Users/Student_MA118/Desktop/Perscholas/model2/mid-mod/galeria/functions/node_modules/gcp-metadata/build/src/index.js:60:19)"}
[info] >      at processTicksAndRejections (internal/process/task_queues.js:97:5) {"user":"    at processTicksAndRejections (internal/process/task_queues.js:97:5)"}
[info] >      at async Object.isAvailable (/Users/Student_MA118/Desktop/Perscholas/model2/mid-mod/galeria/functions/node_modules/gcp-metadata/build/src/index.js:161:9) {"user":"    at async Object.isAvailable (/Users/Student_MA118/Desktop/Perscholas/model2/mid-mod/galeria/functions/node_modules/gcp-metadata/build/src/index.js:161:9)"}
[info] >      at async GoogleAuth._checkIsGCE (/Users/Student_MA118/Desktop/Perscholas/model2/mid-mod/galeria/functions/node_modules/google-auth-library/build/src/auth/googleauth.js:176:31) {"user":"    at async GoogleAuth._checkIsGCE (/Users/Student_MA118/Desktop/Perscholas/model2/mid-mod/galeria/functions/node_modules/google-auth-library/build/src/auth/googleauth.js:176:31)"}
[info] >      at async GoogleAuth.getApplicationDefaultAsync (/Users/Student_MA118/Desktop/Perscholas/model2/mid-mod/galeria/functions/node_modules/google-auth-library/build/src/auth/googleauth.js:152:21) {"user":"    at async GoogleAuth.getApplicationDefaultAsync (/Users/Student_MA118/Desktop/Perscholas/model2/mid-mod/galeria/functions/node_modules/google-auth-library/build/src/auth/googleauth.js:152:21)"}
[info] >      at async GoogleAuth.getClient (/Users/Student_MA118/Desktop/Perscholas/model2/mid-mod/galeria/functions/node_modules/google-auth-library/build/src/auth/googleauth.js:502:17) {"user":"    at async GoogleAuth.getClient (/Users/Student_MA118/Desktop/Perscholas/model2/mid-mod/galeria/functions/node_modules/google-auth-library/build/src/auth/googleauth.js:502:17)"}
[info] >      at async GrpcClient._getCredentials (/Users/Student_MA118/Desktop/Perscholas/model2/mid-mod/galeria/functions/node_modules/google-gax/build/src/grpc.js:92:24) {"user":"    at async GrpcClient._getCredentials (/Users/Student_MA118/Desktop/Perscholas/model2/mid-mod/galeria/functions/node_modules/google-gax/build/src/grpc.js:92:24)"}
[info] >      at async GrpcClient.createStub (/Users/Student_MA118/Desktop/Perscholas/model2/mid-mod/galeria/functions/node_modules/google-gax/build/src/grpc.js:213:23) {"user":"    at async GrpcClient.createStub (/Users/Student_MA118/Desktop/Perscholas/model2/mid-mod/galeria/functions/node_modules/google-gax/build/src/grpc.js:213:23)"}
[info] i  functions: Finished "api" in ~10s
[debug] [2020-04-21T04:18:24.105Z] [worker-api-18079c74-265f-4d5f-b879-d8f5020f1506]: IDLE 
[debug] [2020-04-21T04:18:24.105Z] [work-queue] {"queueLength":0,"workRunningCount":0}
[debug] [2020-04-21T04:19:50.608Z] File /Users/Student_MA118/Desktop/Perscholas/model2/mid-mod/galeria/functions/index.js changed, reloading triggers 
[debug] [2020-04-21T04:19:51.609Z] [worker-pool] Shutting down IDLE worker (~diagnostic~) 
[debug] [2020-04-21T04:19:51.609Z] [worker-~diagnostic~-2e28d022-e613-4adf-ba55-abab78a5ea32]: FINISHING 
[debug] [2020-04-21T04:19:51.609Z] [worker-pool] Shutting down IDLE worker (api) 
[debug] [2020-04-21T04:19:51.609Z] [worker-api-18079c74-265f-4d5f-b879-d8f5020f1506]: FINISHING 
[debug] [2020-04-21T04:19:51.625Z] [worker-pool] addWorker(~diagnostic~) 
[debug] [2020-04-21T04:19:51.626Z] [worker-pool] Adding worker with key ~diagnostic~, total=2 
[debug] [2020-04-21T04:19:51.626Z] [worker-pool] submitWork(triggerId=) 
[debug] [2020-04-21T04:19:51.626Z] [worker-~diagnostic~-d4f91321-a9ca-411c-b1a9-a73f88344e33]: Assigning socketPath: /var/folders/7q/62555f553pj0z7680w50w6p40000gp/T/fire_emu_31084.sock 
[debug] [2020-04-21T04:19:51.626Z] [worker-~diagnostic~-d4f91321-a9ca-411c-b1a9-a73f88344e33]: BUSY 
[debug] [2020-04-21T04:19:51.628Z] [worker-~diagnostic~-2e28d022-e613-4adf-ba55-abab78a5ea32]: exited 
[debug] [2020-04-21T04:19:51.628Z] [worker-~diagnostic~-2e28d022-e613-4adf-ba55-abab78a5ea32]: FINISHED 
[debug] [2020-04-21T04:19:51.628Z] [worker-api-18079c74-265f-4d5f-b879-d8f5020f1506]: exited 
[debug] [2020-04-21T04:19:51.628Z] [worker-api-18079c74-265f-4d5f-b879-d8f5020f1506]: FINISHED 
[debug] [2020-04-21T04:19:53.588Z] File /Users/Student_MA118/Desktop/Perscholas/model2/mid-mod/galeria/functions/index.js changed, reloading triggers 
[debug] [2020-04-21T04:19:53.976Z] [runtime-status] [31084] Functions runtime initialized. {"cwd":"/Users/Student_MA118/Desktop/Perscholas/model2/mid-mod/galeria/functions","node_version":"12.16.1"} 
[debug] [2020-04-21T04:19:53.978Z] [runtime-status] [31084] Disabled runtime features: undefined 
[debug] [2020-04-21T04:19:53.993Z] [runtime-status] [31084] Resolved module firebase-admin {"declared":true,"installed":true,"version":"8.10.0","resolution":"/Users/Student_MA118/Desktop/Perscholas/model2/mid-mod/galeria/functions/node_modules/firebase-admin/lib/index.js"} 
[debug] [2020-04-21T04:19:53.999Z] [runtime-status] [31084] Resolved module firebase-functions {"declared":true,"installed":true,"version":"3.6.0","resolution":"/Users/Student_MA118/Desktop/Perscholas/model2/mid-mod/galeria/functions/node_modules/firebase-functions/lib/index.js"} 
[debug] [2020-04-21T04:19:54.003Z] [runtime-status] [31084] Outgoing network have been stubbed. [{"name":"http","status":"mocked"},{"name":"http","status":"mocked"},{"name":"https","status":"mocked"},{"name":"https","status":"mocked"},{"name":"net","status":"mocked"}] 
[debug] [2020-04-21T04:19:54.218Z] [runtime-status] [31084] Checked functions.config() {"config":{}} 
[debug] [2020-04-21T04:19:54.223Z] [runtime-status] [31084] Resolved module firebase-functions {"declared":true,"installed":true,"version":"3.6.0","resolution":"/Users/Student_MA118/Desktop/Perscholas/model2/mid-mod/galeria/functions/node_modules/firebase-functions/lib/index.js"} 
[debug] [2020-04-21T04:19:54.226Z] [runtime-status] [31084] Resolved module firebase-admin {"declared":true,"installed":true,"version":"8.10.0","resolution":"/Users/Student_MA118/Desktop/Perscholas/model2/mid-mod/galeria/functions/node_modules/firebase-admin/lib/index.js"} 
[debug] [2020-04-21T04:19:54.227Z] [runtime-status] [31084] Resolved module firebase-functions {"declared":true,"installed":true,"version":"3.6.0","resolution":"/Users/Student_MA118/Desktop/Perscholas/model2/mid-mod/galeria/functions/node_modules/firebase-functions/lib/index.js"} 
[debug] [2020-04-21T04:19:54.227Z] [runtime-status] [31084] firebase-admin has been stubbed. {"adminResolution":{"declared":true,"installed":true,"version":"8.10.0","resolution":"/Users/Student_MA118/Desktop/Perscholas/model2/mid-mod/galeria/functions/node_modules/firebase-admin/lib/index.js"}} 
[debug] [2020-04-21T04:19:54.593Z] [worker-pool] Marking BUSY worker to finish (~diagnostic~) 
[debug] [2020-04-21T04:19:54.594Z] [worker-~diagnostic~-d4f91321-a9ca-411c-b1a9-a73f88344e33]: FINISHING 
[debug] [2020-04-21T04:19:54.594Z] [worker-pool] Cleaned up workers for ~diagnostic~: 2 --> 1 
[debug] [2020-04-21T04:19:54.594Z] [worker-pool] Cleaned up workers for api: 1 --> 0 
[debug] [2020-04-21T04:19:54.599Z] [worker-pool] addWorker(~diagnostic~) 
[debug] [2020-04-21T04:19:54.600Z] [worker-pool] Adding worker with key ~diagnostic~, total=2 
[debug] [2020-04-21T04:19:54.600Z] [worker-pool] submitWork(triggerId=) 
[debug] [2020-04-21T04:19:54.600Z] [worker-~diagnostic~-f70e8c86-0373-4911-8786-b2b77cca9406]: Assigning socketPath: /var/folders/7q/62555f553pj0z7680w50w6p40000gp/T/fire_emu_31105.sock 
[debug] [2020-04-21T04:19:54.600Z] [worker-~diagnostic~-f70e8c86-0373-4911-8786-b2b77cca9406]: BUSY 
[debug] [2020-04-21T04:19:54.830Z] [runtime-status] [31084] initializeApp(DEFAULT) {"databaseURL":"https://midmod2-84cfc.firebaseio.com","storageBucket":"midmod2-84cfc.appspot.com","projectId":"midmod2-84cfc"} 
[debug] [2020-04-21T04:19:55.108Z] [runtime-status] [31105] Functions runtime initialized. {"cwd":"/Users/Student_MA118/Desktop/Perscholas/model2/mid-mod/galeria/functions","node_version":"12.16.1"} 
[debug] [2020-04-21T04:19:55.119Z] [runtime-status] [31105] Disabled runtime features: undefined 
[debug] [2020-04-21T04:19:55.128Z] [runtime-status] [31105] Resolved module firebase-admin {"declared":true,"installed":true,"version":"8.10.0","resolution":"/Users/Student_MA118/Desktop/Perscholas/model2/mid-mod/galeria/functions/node_modules/firebase-admin/lib/index.js"} 
[debug] [2020-04-21T04:19:55.128Z] [runtime-status] [31105] Resolved module firebase-functions {"declared":true,"installed":true,"version":"3.6.0","resolution":"/Users/Student_MA118/Desktop/Perscholas/model2/mid-mod/galeria/functions/node_modules/firebase-functions/lib/index.js"} 
[debug] [2020-04-21T04:19:55.128Z] [runtime-status] [31105] Outgoing network have been stubbed. [{"name":"http","status":"mocked"},{"name":"http","status":"mocked"},{"name":"https","status":"mocked"},{"name":"https","status":"mocked"},{"name":"net","status":"mocked"}] 
[debug] [2020-04-21T04:19:55.179Z] [runtime-status] [31105] Checked functions.config() {"config":{}} 
[debug] [2020-04-21T04:19:55.182Z] [runtime-status] [31105] Resolved module firebase-functions {"declared":true,"installed":true,"version":"3.6.0","resolution":"/Users/Student_MA118/Desktop/Perscholas/model2/mid-mod/galeria/functions/node_modules/firebase-functions/lib/index.js"} 
[debug] [2020-04-21T04:19:55.188Z] [runtime-status] [31105] Resolved module firebase-admin {"declared":true,"installed":true,"version":"8.10.0","resolution":"/Users/Student_MA118/Desktop/Perscholas/model2/mid-mod/galeria/functions/node_modules/firebase-admin/lib/index.js"} 
[debug] [2020-04-21T04:19:55.189Z] [runtime-status] [31105] Resolved module firebase-functions {"declared":true,"installed":true,"version":"3.6.0","resolution":"/Users/Student_MA118/Desktop/Perscholas/model2/mid-mod/galeria/functions/node_modules/firebase-functions/lib/index.js"} 
[debug] [2020-04-21T04:19:55.189Z] [runtime-status] [31105] firebase-admin has been stubbed. {"adminResolution":{"declared":true,"installed":true,"version":"8.10.0","resolution":"/Users/Student_MA118/Desktop/Perscholas/model2/mid-mod/galeria/functions/node_modules/firebase-admin/lib/index.js"}} 
[debug] [2020-04-21T04:19:55.319Z] [runtime-status] [31105] initializeApp(DEFAULT) {"databaseURL":"https://midmod2-84cfc.firebaseio.com","storageBucket":"midmod2-84cfc.appspot.com","projectId":"midmod2-84cfc"} 
[debug] [2020-04-21T04:19:55.652Z] [worker-~diagnostic~-d4f91321-a9ca-411c-b1a9-a73f88344e33]: IDLE --> FINISHING 
[debug] [2020-04-21T04:19:55.657Z] [worker-~diagnostic~-f70e8c86-0373-4911-8786-b2b77cca9406]: IDLE 
[debug] [2020-04-21T04:19:55.663Z] [worker-~diagnostic~-d4f91321-a9ca-411c-b1a9-a73f88344e33]: exited 
[debug] [2020-04-21T04:19:55.663Z] [worker-~diagnostic~-d4f91321-a9ca-411c-b1a9-a73f88344e33]: FINISHED 
[debug] [2020-04-21T04:20:09.964Z] File /Users/Student_MA118/Desktop/Perscholas/model2/mid-mod/galeria/functions/index.js changed, reloading triggers 
[debug] [2020-04-21T04:20:10.972Z] [worker-pool] Shutting down IDLE worker (~diagnostic~) 
[debug] [2020-04-21T04:20:10.972Z] [worker-~diagnostic~-f70e8c86-0373-4911-8786-b2b77cca9406]: FINISHING 
[debug] [2020-04-21T04:20:10.995Z] [worker-pool] Cleaned up workers for ~diagnostic~: 2 --> 1 
[debug] [2020-04-21T04:20:11.023Z] [worker-pool] addWorker(~diagnostic~) 
[debug] [2020-04-21T04:20:11.024Z] [worker-pool] Adding worker with key ~diagnostic~, total=2 
[debug] [2020-04-21T04:20:11.024Z] [worker-pool] submitWork(triggerId=) 
[debug] [2020-04-21T04:20:11.024Z] [worker-~diagnostic~-551c39d3-7fe9-4b97-9ce2-15e7ae102176]: Assigning socketPath: /var/folders/7q/62555f553pj0z7680w50w6p40000gp/T/fire_emu_31329.sock 
[debug] [2020-04-21T04:20:11.025Z] [worker-~diagnostic~-551c39d3-7fe9-4b97-9ce2-15e7ae102176]: BUSY 
[debug] [2020-04-21T04:20:11.027Z] [worker-~diagnostic~-f70e8c86-0373-4911-8786-b2b77cca9406]: exited 
[debug] [2020-04-21T04:20:11.028Z] [worker-~diagnostic~-f70e8c86-0373-4911-8786-b2b77cca9406]: FINISHED 
[debug] [2020-04-21T04:20:12.203Z] [work-queue] {"queueLength":1,"workRunningCount":0}
[debug] [2020-04-21T04:20:12.204Z] [work-queue] {"queueLength":0,"workRunningCount":1}
[debug] [2020-04-21T04:20:12.204Z] Accepted request POST /midmod2-84cfc/us-central1/api/signup --> api
[debug] [2020-04-21T04:20:12.204Z] [worker-pool] Cleaned up workers for ~diagnostic~: 2 --> 1 
[debug] [2020-04-21T04:20:12.210Z] [worker-pool] addWorker(api) 
[debug] [2020-04-21T04:20:12.210Z] [worker-pool] Adding worker with key api, total=1 
[debug] [2020-04-21T04:20:12.210Z] [worker-pool] submitWork(triggerId=api) 
[debug] [2020-04-21T04:20:12.211Z] [worker-api-e7c1fe86-bdf8-435d-b92e-1c7c3d849cd9]: Assigning socketPath: /var/folders/7q/62555f553pj0z7680w50w6p40000gp/T/fire_emu_31330.sock 
[debug] [2020-04-21T04:20:12.211Z] [worker-api-e7c1fe86-bdf8-435d-b92e-1c7c3d849cd9]: BUSY 
[debug] [2020-04-21T04:20:12.970Z] [runtime-status] [31330] Functions runtime initialized. {"cwd":"/Users/Student_MA118/Desktop/Perscholas/model2/mid-mod/galeria/functions","node_version":"12.16.1"} 
[debug] [2020-04-21T04:20:12.970Z] [runtime-status] [31330] Disabled runtime features: undefined 
[debug] [2020-04-21T04:20:12.971Z] [runtime-status] [31329] Functions runtime initialized. {"cwd":"/Users/Student_MA118/Desktop/Perscholas/model2/mid-mod/galeria/functions","node_version":"12.16.1"} 
[debug] [2020-04-21T04:20:12.971Z] [runtime-status] [31329] Disabled runtime features: undefined 
[debug] [2020-04-21T04:20:12.987Z] [runtime-status] [31330] Resolved module firebase-admin {"declared":true,"installed":true,"version":"8.10.0","resolution":"/Users/Student_MA118/Desktop/Perscholas/model2/mid-mod/galeria/functions/node_modules/firebase-admin/lib/index.js"} 
[debug] [2020-04-21T04:20:12.987Z] [runtime-status] [31329] Resolved module firebase-admin {"declared":true,"installed":true,"version":"8.10.0","resolution":"/Users/Student_MA118/Desktop/Perscholas/model2/mid-mod/galeria/functions/node_modules/firebase-admin/lib/index.js"} 
[debug] [2020-04-21T04:20:12.993Z] [runtime-status] [31330] Resolved module firebase-functions {"declared":true,"installed":true,"version":"3.6.0","resolution":"/Users/Student_MA118/Desktop/Perscholas/model2/mid-mod/galeria/functions/node_modules/firebase-functions/lib/index.js"} 
[debug] [2020-04-21T04:20:12.993Z] [runtime-status] [31330] Outgoing network have been stubbed. [{"name":"http","status":"mocked"},{"name":"http","status":"mocked"},{"name":"https","status":"mocked"},{"name":"https","status":"mocked"},{"name":"net","status":"mocked"}] 
[debug] [2020-04-21T04:20:12.993Z] [runtime-status] [31329] Resolved module firebase-functions {"declared":true,"installed":true,"version":"3.6.0","resolution":"/Users/Student_MA118/Desktop/Perscholas/model2/mid-mod/galeria/functions/node_modules/firebase-functions/lib/index.js"} 
[debug] [2020-04-21T04:20:12.993Z] [runtime-status] [31329] Outgoing network have been stubbed. [{"name":"http","status":"mocked"},{"name":"http","status":"mocked"},{"name":"https","status":"mocked"},{"name":"https","status":"mocked"},{"name":"net","status":"mocked"}] 
[debug] [2020-04-21T04:20:13.168Z] [runtime-status] [31330] Checked functions.config() {"config":{}} 
[debug] [2020-04-21T04:20:13.170Z] [runtime-status] [31329] Checked functions.config() {"config":{}} 
[debug] [2020-04-21T04:20:13.170Z] [runtime-status] [31330] Resolved module firebase-functions {"declared":true,"installed":true,"version":"3.6.0","resolution":"/Users/Student_MA118/Desktop/Perscholas/model2/mid-mod/galeria/functions/node_modules/firebase-functions/lib/index.js"} 
[debug] [2020-04-21T04:20:13.172Z] [runtime-status] [31330] Resolved module firebase-admin {"declared":true,"installed":true,"version":"8.10.0","resolution":"/Users/Student_MA118/Desktop/Perscholas/model2/mid-mod/galeria/functions/node_modules/firebase-admin/lib/index.js"} 
[debug] [2020-04-21T04:20:13.173Z] [runtime-status] [31329] Resolved module firebase-functions {"declared":true,"installed":true,"version":"3.6.0","resolution":"/Users/Student_MA118/Desktop/Perscholas/model2/mid-mod/galeria/functions/node_modules/firebase-functions/lib/index.js"} 
[debug] [2020-04-21T04:20:13.174Z] [runtime-status] [31330] Resolved module firebase-functions {"declared":true,"installed":true,"version":"3.6.0","resolution":"/Users/Student_MA118/Desktop/Perscholas/model2/mid-mod/galeria/functions/node_modules/firebase-functions/lib/index.js"} 
[debug] [2020-04-21T04:20:13.174Z] [runtime-status] [31329] Resolved module firebase-admin {"declared":true,"installed":true,"version":"8.10.0","resolution":"/Users/Student_MA118/Desktop/Perscholas/model2/mid-mod/galeria/functions/node_modules/firebase-admin/lib/index.js"} 
[debug] [2020-04-21T04:20:13.175Z] [runtime-status] [31330] firebase-admin has been stubbed. {"adminResolution":{"declared":true,"installed":true,"version":"8.10.0","resolution":"/Users/Student_MA118/Desktop/Perscholas/model2/mid-mod/galeria/functions/node_modules/firebase-admin/lib/index.js"}} 
[debug] [2020-04-21T04:20:13.175Z] [runtime-status] [31329] Resolved module firebase-functions {"declared":true,"installed":true,"version":"3.6.0","resolution":"/Users/Student_MA118/Desktop/Perscholas/model2/mid-mod/galeria/functions/node_modules/firebase-functions/lib/index.js"} 
[debug] [2020-04-21T04:20:13.175Z] [runtime-status] [31329] firebase-admin has been stubbed. {"adminResolution":{"declared":true,"installed":true,"version":"8.10.0","resolution":"/Users/Student_MA118/Desktop/Perscholas/model2/mid-mod/galeria/functions/node_modules/firebase-admin/lib/index.js"}} 
[debug] [2020-04-21T04:20:13.759Z] [runtime-status] [31329] initializeApp(DEFAULT) {"databaseURL":"https://midmod2-84cfc.firebaseio.com","storageBucket":"midmod2-84cfc.appspot.com","projectId":"midmod2-84cfc"} 
[debug] [2020-04-21T04:20:13.759Z] [runtime-status] [31330] initializeApp(DEFAULT) {"databaseURL":"https://midmod2-84cfc.firebaseio.com","storageBucket":"midmod2-84cfc.appspot.com","projectId":"midmod2-84cfc"} 
[debug] [2020-04-21T04:20:14.655Z] [worker-~diagnostic~-551c39d3-7fe9-4b97-9ce2-15e7ae102176]: IDLE 
[debug] [2020-04-21T04:20:14.656Z] [runtime-status] [31330] Trigger "api" has been found, beginning invocation! 
[info] i  functions: Beginning execution of "api"
[debug] [2020-04-21T04:20:14.658Z] [runtime-status] [31330] triggerDefinition {"httpsTrigger":{},"name":"api","entryPoint":"api"} 
[debug] [2020-04-21T04:20:14.659Z] [runtime-status] [31330] Running api in mode HTTPS 
[debug] [2020-04-21T04:20:14.663Z] [runtime-status] [31330] Attempting to listen to socketPath: /var/folders/7q/62555f553pj0z7680w50w6p40000gp/T/fire_emu_31330.sock 
[debug] [2020-04-21T04:20:14.670Z] [functions] Runtime ready! Sending request! 
[debug] [2020-04-21T04:20:14.771Z] [runtime-status] [31330] Ephemeral server handling POST request 
[debug] [2020-04-21T04:20:14.774Z] [runtime-status] [31330] Ephemeral server survived. 
[info] i  functions: Finished "api" in ~1s
[debug] [2020-04-21T04:20:14.780Z] [worker-api-e7c1fe86-bdf8-435d-b92e-1c7c3d849cd9]: IDLE 
[debug] [2020-04-21T04:20:14.781Z] [work-queue] {"queueLength":0,"workRunningCount":0}
[info] >  TypeError: Cannot convert undefined or null to object {"user":"TypeError: Cannot convert undefined or null to object"}
[info] >      at Function.keys (<anonymous>) {"user":"    at Function.keys (<anonymous>)"}
[info] >      at /Users/Student_MA118/Desktop/Perscholas/model2/mid-mod/galeria/functions/index.js:104:15 {"user":"    at /Users/Student_MA118/Desktop/Perscholas/model2/mid-mod/galeria/functions/index.js:104:15"}
[info] >      at Layer.handle [as handle_request] (/Users/Student_MA118/Desktop/Perscholas/model2/mid-mod/galeria/functions/node_modules/express/lib/router/layer.js:95:5) {"user":"    at Layer.handle [as handle_request] (/Users/Student_MA118/Desktop/Perscholas/model2/mid-mod/galeria/functions/node_modules/express/lib/router/layer.js:95:5)"}
[info] >      at next (/Users/Student_MA118/Desktop/Perscholas/model2/mid-mod/galeria/functions/node_modules/express/lib/router/route.js:137:13) {"user":"    at next (/Users/Student_MA118/Desktop/Perscholas/model2/mid-mod/galeria/functions/node_modules/express/lib/router/route.js:137:13)"}
[info] >      at Route.dispatch (/Users/Student_MA118/Desktop/Perscholas/model2/mid-mod/galeria/functions/node_modules/express/lib/router/route.js:112:3) {"user":"    at Route.dispatch (/Users/Student_MA118/Desktop/Perscholas/model2/mid-mod/galeria/functions/node_modules/express/lib/router/route.js:112:3)"}
[info] >      at Layer.handle [as handle_request] (/Users/Student_MA118/Desktop/Perscholas/model2/mid-mod/galeria/functions/node_modules/express/lib/router/layer.js:95:5) {"user":"    at Layer.handle [as handle_request] (/Users/Student_MA118/Desktop/Perscholas/model2/mid-mod/galeria/functions/node_modules/express/lib/router/layer.js:95:5)"}
[info] >      at /Users/Student_MA118/Desktop/Perscholas/model2/mid-mod/galeria/functions/node_modules/express/lib/router/index.js:281:22 {"user":"    at /Users/Student_MA118/Desktop/Perscholas/model2/mid-mod/galeria/functions/node_modules/express/lib/router/index.js:281:22"}
[info] >      at Function.process_params (/Users/Student_MA118/Desktop/Perscholas/model2/mid-mod/galeria/functions/node_modules/express/lib/router/index.js:335:12) {"user":"    at Function.process_params (/Users/Student_MA118/Desktop/Perscholas/model2/mid-mod/galeria/functions/node_modules/express/lib/router/index.js:335:12)"}
[info] >      at next (/Users/Student_MA118/Desktop/Perscholas/model2/mid-mod/galeria/functions/node_modules/express/lib/router/index.js:275:10) {"user":"    at next (/Users/Student_MA118/Desktop/Perscholas/model2/mid-mod/galeria/functions/node_modules/express/lib/router/index.js:275:10)"}
[info] >      at expressInit (/Users/Student_MA118/Desktop/Perscholas/model2/mid-mod/galeria/functions/node_modules/express/lib/middleware/init.js:40:5) {"user":"    at expressInit (/Users/Student_MA118/Desktop/Perscholas/model2/mid-mod/galeria/functions/node_modules/express/lib/middleware/init.js:40:5)"}
[debug] [2020-04-21T04:20:47.313Z] File /Users/Student_MA118/Desktop/Perscholas/model2/mid-mod/galeria/functions/index.js changed, reloading triggers 
[debug] [2020-04-21T04:20:48.317Z] [worker-pool] Shutting down IDLE worker (~diagnostic~) 
[debug] [2020-04-21T04:20:48.318Z] [worker-~diagnostic~-551c39d3-7fe9-4b97-9ce2-15e7ae102176]: FINISHING 
[debug] [2020-04-21T04:20:48.318Z] [worker-pool] Shutting down IDLE worker (api) 
[debug] [2020-04-21T04:20:48.318Z] [worker-api-e7c1fe86-bdf8-435d-b92e-1c7c3d849cd9]: FINISHING 
[debug] [2020-04-21T04:20:48.336Z] [worker-pool] addWorker(~diagnostic~) 
[debug] [2020-04-21T04:20:48.336Z] [worker-pool] Adding worker with key ~diagnostic~, total=2 
[debug] [2020-04-21T04:20:48.336Z] [worker-pool] submitWork(triggerId=) 
[debug] [2020-04-21T04:20:48.337Z] [worker-~diagnostic~-cc6b521c-c595-41a1-a70a-ad50c7eb886b]: Assigning socketPath: /var/folders/7q/62555f553pj0z7680w50w6p40000gp/T/fire_emu_31458.sock 
[debug] [2020-04-21T04:20:48.337Z] [worker-~diagnostic~-cc6b521c-c595-41a1-a70a-ad50c7eb886b]: BUSY 
[debug] [2020-04-21T04:20:48.345Z] [worker-~diagnostic~-551c39d3-7fe9-4b97-9ce2-15e7ae102176]: exited 
[debug] [2020-04-21T04:20:48.345Z] [worker-~diagnostic~-551c39d3-7fe9-4b97-9ce2-15e7ae102176]: FINISHED 
[debug] [2020-04-21T04:20:48.346Z] [worker-api-e7c1fe86-bdf8-435d-b92e-1c7c3d849cd9]: exited 
[debug] [2020-04-21T04:20:48.346Z] [worker-api-e7c1fe86-bdf8-435d-b92e-1c7c3d849cd9]: FINISHED 
[debug] [2020-04-21T04:20:48.892Z] [runtime-status] [31458] Functions runtime initialized. {"cwd":"/Users/Student_MA118/Desktop/Perscholas/model2/mid-mod/galeria/functions","node_version":"12.16.1"} 
[debug] [2020-04-21T04:20:48.894Z] [runtime-status] [31458] Disabled runtime features: undefined 
[debug] [2020-04-21T04:20:48.900Z] [runtime-status] [31458] Resolved module firebase-admin {"declared":true,"installed":true,"version":"8.10.0","resolution":"/Users/Student_MA118/Desktop/Perscholas/model2/mid-mod/galeria/functions/node_modules/firebase-admin/lib/index.js"} 
[debug] [2020-04-21T04:20:48.901Z] [runtime-status] [31458] Resolved module firebase-functions {"declared":true,"installed":true,"version":"3.6.0","resolution":"/Users/Student_MA118/Desktop/Perscholas/model2/mid-mod/galeria/functions/node_modules/firebase-functions/lib/index.js"} 
[debug] [2020-04-21T04:20:48.904Z] [runtime-status] [31458] Outgoing network have been stubbed. [{"name":"http","status":"mocked"},{"name":"http","status":"mocked"},{"name":"https","status":"mocked"},{"name":"https","status":"mocked"},{"name":"net","status":"mocked"}] 
[debug] [2020-04-21T04:20:48.939Z] [runtime-status] [31458] Checked functions.config() {"config":{}} 
[debug] [2020-04-21T04:20:48.940Z] [runtime-status] [31458] Resolved module firebase-functions {"declared":true,"installed":true,"version":"3.6.0","resolution":"/Users/Student_MA118/Desktop/Perscholas/model2/mid-mod/galeria/functions/node_modules/firebase-functions/lib/index.js"} 
[debug] [2020-04-21T04:20:48.941Z] [runtime-status] [31458] Resolved module firebase-admin {"declared":true,"installed":true,"version":"8.10.0","resolution":"/Users/Student_MA118/Desktop/Perscholas/model2/mid-mod/galeria/functions/node_modules/firebase-admin/lib/index.js"} 
[debug] [2020-04-21T04:20:48.942Z] [runtime-status] [31458] Resolved module firebase-functions {"declared":true,"installed":true,"version":"3.6.0","resolution":"/Users/Student_MA118/Desktop/Perscholas/model2/mid-mod/galeria/functions/node_modules/firebase-functions/lib/index.js"} 
[debug] [2020-04-21T04:20:48.942Z] [runtime-status] [31458] firebase-admin has been stubbed. {"adminResolution":{"declared":true,"installed":true,"version":"8.10.0","resolution":"/Users/Student_MA118/Desktop/Perscholas/model2/mid-mod/galeria/functions/node_modules/firebase-admin/lib/index.js"}} 
[debug] [2020-04-21T04:20:49.025Z] [runtime-status] [31458] initializeApp(DEFAULT) {"databaseURL":"https://midmod2-84cfc.firebaseio.com","storageBucket":"midmod2-84cfc.appspot.com","projectId":"midmod2-84cfc"} 
[debug] [2020-04-21T04:20:49.239Z] [worker-~diagnostic~-cc6b521c-c595-41a1-a70a-ad50c7eb886b]: IDLE 
[debug] [2020-04-21T04:23:23.173Z] File /Users/Student_MA118/Desktop/Perscholas/model2/mid-mod/galeria/functions/index.js changed, reloading triggers 
[debug] [2020-04-21T04:23:24.176Z] [worker-pool] Shutting down IDLE worker (~diagnostic~) 
[debug] [2020-04-21T04:23:24.176Z] [worker-~diagnostic~-cc6b521c-c595-41a1-a70a-ad50c7eb886b]: FINISHING 
[debug] [2020-04-21T04:23:24.176Z] [worker-pool] Cleaned up workers for ~diagnostic~: 2 --> 1 
[debug] [2020-04-21T04:23:24.176Z] [worker-pool] Cleaned up workers for api: 1 --> 0 
[debug] [2020-04-21T04:23:24.192Z] [worker-pool] addWorker(~diagnostic~) 
[debug] [2020-04-21T04:23:24.193Z] [worker-pool] Adding worker with key ~diagnostic~, total=2 
[debug] [2020-04-21T04:23:24.193Z] [worker-pool] submitWork(triggerId=) 
[debug] [2020-04-21T04:23:24.193Z] [worker-~diagnostic~-37d7ee44-a694-47b2-9b48-0ed4ada97d29]: Assigning socketPath: /var/folders/7q/62555f553pj0z7680w50w6p40000gp/T/fire_emu_31579.sock 
[debug] [2020-04-21T04:23:24.193Z] [worker-~diagnostic~-37d7ee44-a694-47b2-9b48-0ed4ada97d29]: BUSY 
[debug] [2020-04-21T04:23:24.196Z] [worker-~diagnostic~-cc6b521c-c595-41a1-a70a-ad50c7eb886b]: exited 
[debug] [2020-04-21T04:23:24.196Z] [worker-~diagnostic~-cc6b521c-c595-41a1-a70a-ad50c7eb886b]: FINISHED 
[debug] [2020-04-21T04:23:24.791Z] [runtime-status] [31579] Functions runtime initialized. {"cwd":"/Users/Student_MA118/Desktop/Perscholas/model2/mid-mod/galeria/functions","node_version":"12.16.1"} 
[debug] [2020-04-21T04:23:24.794Z] [runtime-status] [31579] Disabled runtime features: undefined 
[debug] [2020-04-21T04:23:24.803Z] [runtime-status] [31579] Resolved module firebase-admin {"declared":true,"installed":true,"version":"8.10.0","resolution":"/Users/Student_MA118/Desktop/Perscholas/model2/mid-mod/galeria/functions/node_modules/firebase-admin/lib/index.js"} 
[debug] [2020-04-21T04:23:24.804Z] [runtime-status] [31579] Resolved module firebase-functions {"declared":true,"installed":true,"version":"3.6.0","resolution":"/Users/Student_MA118/Desktop/Perscholas/model2/mid-mod/galeria/functions/node_modules/firebase-functions/lib/index.js"} 
[debug] [2020-04-21T04:23:24.806Z] [runtime-status] [31579] Outgoing network have been stubbed. [{"name":"http","status":"mocked"},{"name":"http","status":"mocked"},{"name":"https","status":"mocked"},{"name":"https","status":"mocked"},{"name":"net","status":"mocked"}] 
[debug] [2020-04-21T04:23:24.842Z] [runtime-status] [31579] Checked functions.config() {"config":{}} 
[debug] [2020-04-21T04:23:24.844Z] [runtime-status] [31579] Resolved module firebase-functions {"declared":true,"installed":true,"version":"3.6.0","resolution":"/Users/Student_MA118/Desktop/Perscholas/model2/mid-mod/galeria/functions/node_modules/firebase-functions/lib/index.js"} 
[debug] [2020-04-21T04:23:24.845Z] [runtime-status] [31579] Resolved module firebase-admin {"declared":true,"installed":true,"version":"8.10.0","resolution":"/Users/Student_MA118/Desktop/Perscholas/model2/mid-mod/galeria/functions/node_modules/firebase-admin/lib/index.js"} 
[debug] [2020-04-21T04:23:24.846Z] [runtime-status] [31579] Resolved module firebase-functions {"declared":true,"installed":true,"version":"3.6.0","resolution":"/Users/Student_MA118/Desktop/Perscholas/model2/mid-mod/galeria/functions/node_modules/firebase-functions/lib/index.js"} 
[debug] [2020-04-21T04:23:24.846Z] [runtime-status] [31579] firebase-admin has been stubbed. {"adminResolution":{"declared":true,"installed":true,"version":"8.10.0","resolution":"/Users/Student_MA118/Desktop/Perscholas/model2/mid-mod/galeria/functions/node_modules/firebase-admin/lib/index.js"}} 
[debug] [2020-04-21T04:23:24.926Z] [runtime-status] [31579] initializeApp(DEFAULT) {"databaseURL":"https://midmod2-84cfc.firebaseio.com","storageBucket":"midmod2-84cfc.appspot.com","projectId":"midmod2-84cfc"} 
[debug] [2020-04-21T04:23:25.141Z] [worker-~diagnostic~-37d7ee44-a694-47b2-9b48-0ed4ada97d29]: IDLE 
[debug] [2020-04-21T04:23:27.255Z] [work-queue] {"queueLength":1,"workRunningCount":0}
[debug] [2020-04-21T04:23:27.255Z] [work-queue] {"queueLength":0,"workRunningCount":1}
[debug] [2020-04-21T04:23:27.255Z] Accepted request POST /midmod2-84cfc/us-central1/api/signup --> api
[debug] [2020-04-21T04:23:27.255Z] [worker-pool] Cleaned up workers for ~diagnostic~: 2 --> 1 
[debug] [2020-04-21T04:23:27.261Z] [worker-pool] addWorker(api) 
[debug] [2020-04-21T04:23:27.262Z] [worker-pool] Adding worker with key api, total=1 
[debug] [2020-04-21T04:23:27.262Z] [worker-pool] submitWork(triggerId=api) 
[debug] [2020-04-21T04:23:27.262Z] [worker-api-95b8295c-f17a-4b23-b8b7-2880a84f0be7]: Assigning socketPath: /var/folders/7q/62555f553pj0z7680w50w6p40000gp/T/fire_emu_31588.sock 
[debug] [2020-04-21T04:23:27.262Z] [worker-api-95b8295c-f17a-4b23-b8b7-2880a84f0be7]: BUSY 
[debug] [2020-04-21T04:23:27.736Z] [runtime-status] [31588] Functions runtime initialized. {"cwd":"/Users/Student_MA118/Desktop/Perscholas/model2/mid-mod/galeria/functions","node_version":"12.16.1"} 
[debug] [2020-04-21T04:23:27.737Z] [runtime-status] [31588] Disabled runtime features: undefined 
[debug] [2020-04-21T04:23:27.747Z] [runtime-status] [31588] Resolved module firebase-admin {"declared":true,"installed":true,"version":"8.10.0","resolution":"/Users/Student_MA118/Desktop/Perscholas/model2/mid-mod/galeria/functions/node_modules/firebase-admin/lib/index.js"} 
[debug] [2020-04-21T04:23:27.750Z] [runtime-status] [31588] Resolved module firebase-functions {"declared":true,"installed":true,"version":"3.6.0","resolution":"/Users/Student_MA118/Desktop/Perscholas/model2/mid-mod/galeria/functions/node_modules/firebase-functions/lib/index.js"} 
[debug] [2020-04-21T04:23:27.753Z] [runtime-status] [31588] Outgoing network have been stubbed. [{"name":"http","status":"mocked"},{"name":"http","status":"mocked"},{"name":"https","status":"mocked"},{"name":"https","status":"mocked"},{"name":"net","status":"mocked"}] 
[debug] [2020-04-21T04:23:27.797Z] [runtime-status] [31588] Checked functions.config() {"config":{}} 
[debug] [2020-04-21T04:23:27.798Z] [runtime-status] [31588] Resolved module firebase-functions {"declared":true,"installed":true,"version":"3.6.0","resolution":"/Users/Student_MA118/Desktop/Perscholas/model2/mid-mod/galeria/functions/node_modules/firebase-functions/lib/index.js"} 
[debug] [2020-04-21T04:23:27.799Z] [runtime-status] [31588] Resolved module firebase-admin {"declared":true,"installed":true,"version":"8.10.0","resolution":"/Users/Student_MA118/Desktop/Perscholas/model2/mid-mod/galeria/functions/node_modules/firebase-admin/lib/index.js"} 
[debug] [2020-04-21T04:23:27.800Z] [runtime-status] [31588] Resolved module firebase-functions {"declared":true,"installed":true,"version":"3.6.0","resolution":"/Users/Student_MA118/Desktop/Perscholas/model2/mid-mod/galeria/functions/node_modules/firebase-functions/lib/index.js"} 
[debug] [2020-04-21T04:23:27.800Z] [runtime-status] [31588] firebase-admin has been stubbed. {"adminResolution":{"declared":true,"installed":true,"version":"8.10.0","resolution":"/Users/Student_MA118/Desktop/Perscholas/model2/mid-mod/galeria/functions/node_modules/firebase-admin/lib/index.js"}} 
[debug] [2020-04-21T04:23:27.887Z] [runtime-status] [31588] initializeApp(DEFAULT) {"databaseURL":"https://midmod2-84cfc.firebaseio.com","storageBucket":"midmod2-84cfc.appspot.com","projectId":"midmod2-84cfc"} 
[debug] [2020-04-21T04:23:28.129Z] [runtime-status] [31588] Trigger "api" has been found, beginning invocation! 
[info] i  functions: Beginning execution of "api"
[debug] [2020-04-21T04:23:28.130Z] [runtime-status] [31588] triggerDefinition {"httpsTrigger":{},"name":"api","entryPoint":"api"} 
[debug] [2020-04-21T04:23:28.130Z] [runtime-status] [31588] Running api in mode HTTPS 
[debug] [2020-04-21T04:23:28.135Z] [runtime-status] [31588] Attempting to listen to socketPath: /var/folders/7q/62555f553pj0z7680w50w6p40000gp/T/fire_emu_31588.sock 
[debug] [2020-04-21T04:23:28.138Z] [functions] Runtime ready! Sending request! 
[debug] [2020-04-21T04:23:28.192Z] [runtime-status] [31588] Ephemeral server handling POST request 
[warn] ⚠  functions: The Cloud Firestore emulator is not running, so calls to Firestore will affect production.
[debug] [2020-04-21T04:23:29.591Z] [runtime-status] [31588] Ephemeral server survived. 
[warn] ⚠  External network resource requested!
   - URL: "http://169.254.169.254/computeMetadata/v1/instance"
 - Be careful, this may be a production service.
[warn] ⚠  External network resource requested!
   - URL: "http://metadata.google.internal./computeMetadata/v1/instance"
 - Be careful, this may be a production service.
[info] >  Error: Unexpected error determining execution environment: Invalid response from metadata service: incorrect Metadata-Flavor header. {"user":"Error: Unexpected error determining execution environment: Invalid response from metadata service: incorrect Metadata-Flavor header."}
[info] >      at metadataAccessor (/Users/Student_MA118/Desktop/Perscholas/model2/mid-mod/galeria/functions/node_modules/gcp-metadata/build/src/index.js:60:19) {"user":"    at metadataAccessor (/Users/Student_MA118/Desktop/Perscholas/model2/mid-mod/galeria/functions/node_modules/gcp-metadata/build/src/index.js:60:19)"}
[info] >      at processTicksAndRejections (internal/process/task_queues.js:97:5) {"user":"    at processTicksAndRejections (internal/process/task_queues.js:97:5)"}
[info] >      at async Object.isAvailable (/Users/Student_MA118/Desktop/Perscholas/model2/mid-mod/galeria/functions/node_modules/gcp-metadata/build/src/index.js:161:9) {"user":"    at async Object.isAvailable (/Users/Student_MA118/Desktop/Perscholas/model2/mid-mod/galeria/functions/node_modules/gcp-metadata/build/src/index.js:161:9)"}
[info] >      at async GoogleAuth._checkIsGCE (/Users/Student_MA118/Desktop/Perscholas/model2/mid-mod/galeria/functions/node_modules/google-auth-library/build/src/auth/googleauth.js:176:31) {"user":"    at async GoogleAuth._checkIsGCE (/Users/Student_MA118/Desktop/Perscholas/model2/mid-mod/galeria/functions/node_modules/google-auth-library/build/src/auth/googleauth.js:176:31)"}
[info] >      at async GoogleAuth.getApplicationDefaultAsync (/Users/Student_MA118/Desktop/Perscholas/model2/mid-mod/galeria/functions/node_modules/google-auth-library/build/src/auth/googleauth.js:152:21) {"user":"    at async GoogleAuth.getApplicationDefaultAsync (/Users/Student_MA118/Desktop/Perscholas/model2/mid-mod/galeria/functions/node_modules/google-auth-library/build/src/auth/googleauth.js:152:21)"}
[info] >      at async GoogleAuth.getClient (/Users/Student_MA118/Desktop/Perscholas/model2/mid-mod/galeria/functions/node_modules/google-auth-library/build/src/auth/googleauth.js:502:17) {"user":"    at async GoogleAuth.getClient (/Users/Student_MA118/Desktop/Perscholas/model2/mid-mod/galeria/functions/node_modules/google-auth-library/build/src/auth/googleauth.js:502:17)"}
[info] >      at async GrpcClient._getCredentials (/Users/Student_MA118/Desktop/Perscholas/model2/mid-mod/galeria/functions/node_modules/google-gax/build/src/grpc.js:92:24) {"user":"    at async GrpcClient._getCredentials (/Users/Student_MA118/Desktop/Perscholas/model2/mid-mod/galeria/functions/node_modules/google-gax/build/src/grpc.js:92:24)"}
[info] >      at async GrpcClient.createStub (/Users/Student_MA118/Desktop/Perscholas/model2/mid-mod/galeria/functions/node_modules/google-gax/build/src/grpc.js:213:23) {"user":"    at async GrpcClient.createStub (/Users/Student_MA118/Desktop/Perscholas/model2/mid-mod/galeria/functions/node_modules/google-gax/build/src/grpc.js:213:23)"}
[info] i  functions: Finished "api" in ~10s
[debug] [2020-04-21T04:23:38.633Z] [worker-api-95b8295c-f17a-4b23-b8b7-2880a84f0be7]: IDLE 
[debug] [2020-04-21T04:23:38.633Z] [work-queue] {"queueLength":0,"workRunningCount":0}
[debug] [2020-04-21T04:24:37.619Z] [work-queue] {"queueLength":1,"workRunningCount":0}
[debug] [2020-04-21T04:24:37.619Z] [work-queue] {"queueLength":0,"workRunningCount":1}
[debug] [2020-04-21T04:24:37.619Z] Accepted request POST /midmod2-84cfc/us-central1/api/signup --> api
[debug] [2020-04-21T04:24:37.619Z] [worker-pool] submitWork(triggerId=api) 
[debug] [2020-04-21T04:24:37.619Z] [worker-api-95b8295c-f17a-4b23-b8b7-2880a84f0be7]: Assigning socketPath: /var/folders/7q/62555f553pj0z7680w50w6p40000gp/T/fire_emu_31588.sock 
[debug] [2020-04-21T04:24:37.619Z] [worker-api-95b8295c-f17a-4b23-b8b7-2880a84f0be7]: BUSY 
[debug] [2020-04-21T04:24:37.620Z] [runtime-status] [31588] Trigger "api" has been found, beginning invocation! 
[info] i  functions: Beginning execution of "api"
[debug] [2020-04-21T04:24:37.621Z] [runtime-status] [31588] triggerDefinition {"httpsTrigger":{},"name":"api","entryPoint":"api"} 
[debug] [2020-04-21T04:24:37.621Z] [runtime-status] [31588] Running api in mode HTTPS 
[debug] [2020-04-21T04:24:37.623Z] [runtime-status] [31588] Attempting to listen to socketPath: /var/folders/7q/62555f553pj0z7680w50w6p40000gp/T/fire_emu_31588.sock 
[debug] [2020-04-21T04:24:37.624Z] [functions] Runtime ready! Sending request! 
[debug] [2020-04-21T04:24:37.630Z] [runtime-status] [31588] Ephemeral server handling POST request 
[debug] [2020-04-21T04:24:37.631Z] [runtime-status] [31588] Ephemeral server survived. 
[info] i  functions: Finished "api" in ~1s
[debug] [2020-04-21T04:24:37.632Z] [worker-api-95b8295c-f17a-4b23-b8b7-2880a84f0be7]: IDLE 
[debug] [2020-04-21T04:24:37.632Z] [work-queue] {"queueLength":0,"workRunningCount":0}
[debug] [2020-04-21T04:24:52.636Z] File /Users/Student_MA118/Desktop/Perscholas/model2/mid-mod/galeria/functions/index.js changed, reloading triggers 
[debug] [2020-04-21T04:24:53.637Z] [worker-pool] Shutting down IDLE worker (~diagnostic~) 
[debug] [2020-04-21T04:24:53.638Z] [worker-~diagnostic~-37d7ee44-a694-47b2-9b48-0ed4ada97d29]: FINISHING 
[debug] [2020-04-21T04:24:53.638Z] [worker-pool] Shutting down IDLE worker (api) 
[debug] [2020-04-21T04:24:53.639Z] [worker-api-95b8295c-f17a-4b23-b8b7-2880a84f0be7]: FINISHING 
[debug] [2020-04-21T04:24:53.659Z] [worker-pool] addWorker(~diagnostic~) 
[debug] [2020-04-21T04:24:53.660Z] [worker-pool] Adding worker with key ~diagnostic~, total=2 
[debug] [2020-04-21T04:24:53.660Z] [worker-pool] submitWork(triggerId=) 
[debug] [2020-04-21T04:24:53.660Z] [worker-~diagnostic~-794fd8ce-501c-4b11-ad80-e8be1be2c470]: Assigning socketPath: /var/folders/7q/62555f553pj0z7680w50w6p40000gp/T/fire_emu_31681.sock 
[debug] [2020-04-21T04:24:53.660Z] [worker-~diagnostic~-794fd8ce-501c-4b11-ad80-e8be1be2c470]: BUSY 
[debug] [2020-04-21T04:24:53.661Z] [worker-~diagnostic~-37d7ee44-a694-47b2-9b48-0ed4ada97d29]: exited 
[debug] [2020-04-21T04:24:53.661Z] [worker-~diagnostic~-37d7ee44-a694-47b2-9b48-0ed4ada97d29]: FINISHED 
[debug] [2020-04-21T04:24:53.661Z] [worker-api-95b8295c-f17a-4b23-b8b7-2880a84f0be7]: exited 
[debug] [2020-04-21T04:24:53.661Z] [worker-api-95b8295c-f17a-4b23-b8b7-2880a84f0be7]: FINISHED 
[debug] [2020-04-21T04:24:54.095Z] [runtime-status] [31681] Functions runtime initialized. {"cwd":"/Users/Student_MA118/Desktop/Perscholas/model2/mid-mod/galeria/functions","node_version":"12.16.1"} 
[debug] [2020-04-21T04:24:54.097Z] [runtime-status] [31681] Disabled runtime features: undefined 
[debug] [2020-04-21T04:24:54.107Z] [runtime-status] [31681] Resolved module firebase-admin {"declared":true,"installed":true,"version":"8.10.0","resolution":"/Users/Student_MA118/Desktop/Perscholas/model2/mid-mod/galeria/functions/node_modules/firebase-admin/lib/index.js"} 
[debug] [2020-04-21T04:24:54.108Z] [runtime-status] [31681] Resolved module firebase-functions {"declared":true,"installed":true,"version":"3.6.0","resolution":"/Users/Student_MA118/Desktop/Perscholas/model2/mid-mod/galeria/functions/node_modules/firebase-functions/lib/index.js"} 
[debug] [2020-04-21T04:24:54.110Z] [runtime-status] [31681] Outgoing network have been stubbed. [{"name":"http","status":"mocked"},{"name":"http","status":"mocked"},{"name":"https","status":"mocked"},{"name":"https","status":"mocked"},{"name":"net","status":"mocked"}] 
[debug] [2020-04-21T04:24:54.145Z] [runtime-status] [31681] Checked functions.config() {"config":{}} 
[debug] [2020-04-21T04:24:54.146Z] [runtime-status] [31681] Resolved module firebase-functions {"declared":true,"installed":true,"version":"3.6.0","resolution":"/Users/Student_MA118/Desktop/Perscholas/model2/mid-mod/galeria/functions/node_modules/firebase-functions/lib/index.js"} 
[debug] [2020-04-21T04:24:54.148Z] [runtime-status] [31681] Resolved module firebase-admin {"declared":true,"installed":true,"version":"8.10.0","resolution":"/Users/Student_MA118/Desktop/Perscholas/model2/mid-mod/galeria/functions/node_modules/firebase-admin/lib/index.js"} 
[debug] [2020-04-21T04:24:54.149Z] [runtime-status] [31681] Resolved module firebase-functions {"declared":true,"installed":true,"version":"3.6.0","resolution":"/Users/Student_MA118/Desktop/Perscholas/model2/mid-mod/galeria/functions/node_modules/firebase-functions/lib/index.js"} 
[debug] [2020-04-21T04:24:54.149Z] [runtime-status] [31681] firebase-admin has been stubbed. {"adminResolution":{"declared":true,"installed":true,"version":"8.10.0","resolution":"/Users/Student_MA118/Desktop/Perscholas/model2/mid-mod/galeria/functions/node_modules/firebase-admin/lib/index.js"}} 
[debug] [2020-04-21T04:24:54.235Z] [runtime-status] [31681] initializeApp(DEFAULT) {"databaseURL":"https://midmod2-84cfc.firebaseio.com","storageBucket":"midmod2-84cfc.appspot.com","projectId":"midmod2-84cfc"} 
[debug] [2020-04-21T04:24:54.448Z] [worker-~diagnostic~-794fd8ce-501c-4b11-ad80-e8be1be2c470]: IDLE 
